<?xml version="1.0" encoding="UTF-8"?>
<!-- Generated by org.testng.reporters.JUnitReportReporter -->
<testsuite hostname="HMECL002418" failures="0" tests="3" name="testngClass2Ex" time="0.048" errors="0" timestamp="2020-06-23T19:28:16 IST" skipped="0">
  <testcase classname="testngClass2Ex" name="thirdtest" time="0.009"/>
  <system-out/>
  <testcase classname="testngClass2Ex" name="firsttest" time="0.021"/>
  <system-out/>
  <testcase classname="testngClass2Ex" name="secondtest" time="0.018"/>
  <system-out/>
</testsuite> <!-- testngClass2Ex -->
